Starting Archive Script @ Fri Dec 20 17:08:26 IST 2024
Starting Archive Script @ Fri Dec 20 17:14:03 IST 2024
Starting Archive Script @ Fri Dec 20 17:15:20 IST 2024
Starting Archive Script @ Fri Dec 20 17:23:32 IST 2024
Archiving the file /c/Users/HARSH RANJAN/project/VID20230318081359.mp4
Moving the file /c/Users/HARSH RANJAN/project/VID20230318081359.mp4.gz to Archive folder 
Starting Archive Script @ Fri Dec 20 17:52:26 IST 2024
Starting Archive Script @ Fri, Dec 20, 2024  8:23:01 PM
Starting Archive Script @ Sat, Dec 21, 2024  9:22:32 PM
Starting Archive Script @ Mon, Dec 23, 2024  8:17:29 PM
Starting Archive Script @ Tue, Dec 24, 2024  6:30:56 PM
Starting Archive Script @ Wed, Dec 25, 2024  8:49:07 PM
Starting Archive Script @ Sat, Dec 28, 2024 11:31:02 PM
Starting Archive Script @ Wed, Jan  1, 2025  6:30:56 PM
Starting Archive Script @ Fri, Jan  3, 2025  8:11:41 PM
Starting Archive Script @ Sat, Jan  4, 2025  6:30:56 PM
Starting Archive Script @ Mon, Jan  6, 2025  6:35:11 PM
Starting Archive Script @ Thu, Jan  9, 2025  6:21:23 PM
Starting Archive Script @ Thu, Jan  9, 2025  6:30:56 PM
Starting Archive Script @ Sat, Jan 11, 2025  9:24:02 PM
Starting Archive Script @ Mon, Jan 13, 2025  6:30:56 PM
Starting Archive Script @ Tue, Jan 14, 2025  9:49:51 PM
Starting Archive Script @ Wed, Jan 15, 2025  6:30:56 PM
Starting Archive Script @ Sun, Jan 19, 2025  9:54:15 PM
Starting Archive Script @ Mon, Jan 20, 2025 10:02:41 PM
Starting Archive Script @ Tue, Jan 21, 2025  6:30:56 PM
Starting Archive Script @ Wed, Jan 22, 2025  6:30:56 PM
Starting Archive Script @ Thu, Jan 23, 2025  7:00:39 PM
Starting Archive Script @ Sat, Jan 25, 2025  6:30:56 PM
Starting Archive Script @ Mon, Jan 27, 2025  6:30:56 PM
Starting Archive Script @ Tue, Jan 28, 2025  7:35:49 PM
Starting Archive Script @ Thu, Jan 30, 2025  6:30:56 PM
Starting Archive Script @ Fri, Jan 31, 2025  7:59:24 PM
Starting Archive Script @ Sat, Feb  1, 2025  9:41:42 PM
Starting Archive Script @ Mon, Feb  3, 2025  8:01:40 PM
Starting Archive Script @ Thu, Feb  6, 2025  9:09:31 PM
Starting Archive Script @ Fri, Feb  7, 2025  7:43:01 PM
Starting Archive Script @ Sat, Feb  8, 2025  8:49:37 PM
Starting Archive Script @ Mon, Feb 10, 2025  6:30:56 PM
Starting Archive Script @ Wed, Feb 12, 2025  6:30:56 PM
Starting Archive Script @ Wed, Feb 19, 2025  9:19:47 AM
Starting Archive Script @ Wed, Feb 19, 2025  6:30:56 PM
Starting Archive Script @ Fri, Feb 21, 2025  3:57:26 PM
Starting Archive Script @ Fri, Feb 21, 2025  6:30:57 PM
Starting Archive Script @ Sat, Feb 22, 2025  7:02:55 PM
Starting Archive Script @ Mon, Feb 24, 2025  8:40:27 PM
Starting Archive Script @ Tue, Feb 25, 2025 11:59:51 PM
Starting Archive Script @ Wed, Feb 26, 2025 11:43:29 PM
Starting Archive Script @ Sat, Mar  1, 2025  6:30:57 PM
Starting Archive Script @ Sun, Mar  2, 2025  9:15:14 PM
Starting Archive Script @ Mon, Mar  3, 2025  6:30:56 PM
Starting Archive Script @ Tue, Mar  4, 2025 10:55:52 PM
Starting Archive Script @ Wed, Mar  5, 2025  6:30:56 PM
Starting Archive Script @ Fri, Mar  7, 2025  6:32:43 PM
Starting Archive Script @ Sun, Mar  9, 2025  6:30:56 PM
Starting Archive Script @ Mon, Mar 10, 2025  6:30:56 PM
Starting Archive Script @ Wed, Mar 12, 2025  1:41:07 PM
Starting Archive Script @ Wed, Mar 12, 2025 10:55:01 PM
Starting Archive Script @ Thu, Mar 13, 2025  6:30:56 PM
Starting Archive Script @ Mon, Mar 17, 2025  7:12:49 PM
Starting Archive Script @ Tue, Mar 18, 2025  6:30:56 PM
Starting Archive Script @ Wed, Mar 19, 2025  6:30:56 PM
Starting Archive Script @ Thu, Mar 20, 2025  7:39:27 PM
Starting Archive Script @ Fri, Mar 21, 2025  6:30:56 PM
Starting Archive Script @ Sun, Mar 23, 2025  6:30:56 PM
Starting Archive Script @ Mon, Mar 24, 2025  8:47:21 PM
Starting Archive Script @ Wed, Mar 26, 2025 12:13:04 PM
Starting Archive Script @ Thu, Mar 27, 2025  6:30:56 PM
Starting Archive Script @ Sun, Mar 30, 2025  7:44:52 PM
Starting Archive Script @ Tue, Apr  1, 2025  7:36:11 PM
Starting Archive Script @ Fri, Apr  4, 2025  8:06:31 PM
Starting Archive Script @ Sat, Apr  5, 2025  6:30:56 PM
Starting Archive Script @ Sun, Apr  6, 2025  6:30:56 PM
Starting Archive Script @ Tue, Apr  8, 2025  6:30:56 PM
Starting Archive Script @ Thu, Apr 10, 2025  6:30:56 PM
Starting Archive Script @ Tue, Apr 15, 2025  7:44:25 PM
